Starting auto-push script for /home/rajat/languages/python/portscanner...
Logging to auto_push.log
[main 3d48d0b] Modified auto_push_output.log,main.py
 2 files changed, 7 deletions(-)
To https://github.com/Rajatjyoti-arch/portscanner.git
   328ad11..3d48d0b  main -> main
[main 90ab8a2] Refined auto_push_output.log,main.py
 2 files changed, 5 insertions(+)
To https://github.com/Rajatjyoti-arch/portscanner.git
   3d48d0b..90ab8a2  main -> main
[main 1dd6eb1] Adjusted auto_push_output.log,main.py
 2 files changed, 5 insertions(+), 1 deletion(-)
To https://github.com/Rajatjyoti-arch/portscanner.git
   90ab8a2..1dd6eb1  main -> main
[main 780088c] Improved auto_push_output.log,main.py
 2 files changed, 4 insertions(+), 1 deletion(-)
To https://github.com/Rajatjyoti-arch/portscanner.git
   1dd6eb1..780088c  main -> main
[main 03ddef5] Tweaked auto_push_output.log,main.py
 2 files changed, 5 insertions(+)
To https://github.com/Rajatjyoti-arch/portscanner.git
   780088c..03ddef5  main -> main
[main ce499a7] Refined auto_push_output.log,main.py
 2 files changed, 6 insertions(+), 1 deletion(-)
To https://github.com/Rajatjyoti-arch/portscanner.git
   03ddef5..ce499a7  main -> main
[main 08b3e48] Updated auto_push_output.log,main.py
 2 files changed, 5 insertions(+)
To https://github.com/Rajatjyoti-arch/portscanner.git
   ce499a7..08b3e48  main -> main
[main f2575f9] Modified auto_push_output.log,main.py
 2 files changed, 5 insertions(+), 1 deletion(-)
To https://github.com/Rajatjyoti-arch/portscanner.git
   08b3e48..f2575f9  main -> main
[main 73531e3] Refined auto_push_output.log,main.py
 2 files changed, 5 insertions(+), 1 deletion(-)
To https://github.com/Rajatjyoti-arch/portscanner.git
   f2575f9..73531e3  main -> main
[main c2cd2a5] Modified auto_push_output.log,main.py
 2 files changed, 5 insertions(+), 1 deletion(-)
To https://github.com/Rajatjyoti-arch/portscanner.git
   73531e3..c2cd2a5  main -> main
[main b77db5f] Modified auto_push_output.log,main.py
 2 files changed, 6 insertions(+), 1 deletion(-)
To https://github.com/Rajatjyoti-arch/portscanner.git
   c2cd2a5..b77db5f  main -> main
[main f37354e] Worked on auto_push_output.log,main.py
 2 files changed, 5 insertions(+), 1 deletion(-)
To https://github.com/Rajatjyoti-arch/portscanner.git
   b77db5f..f37354e  main -> main
[main 227db1d] Tweaked auto_push_output.log,main.py
 2 files changed, 6 insertions(+), 1 deletion(-)
To https://github.com/Rajatjyoti-arch/portscanner.git
   f37354e..227db1d  main -> main
[main e1a9871] Refined auto_push_output.log,main.py
 2 files changed, 6 insertions(+), 1 deletion(-)
To https://github.com/Rajatjyoti-arch/portscanner.git
   227db1d..e1a9871  main -> main
